{"contracts/NftMarketplace.sol":{"l":{"68":7,"69":7,"70":0,"73":7,"77":7,"78":7,"79":0,"81":7,"85":9,"86":9,"87":9,"88":0,"90":9,"116":7,"117":0,"123":7,"124":7,"125":0,"127":7,"129":7,"140":5,"141":5,"142":1,"151":4,"153":4,"155":4,"165":1,"166":1,"177":1,"178":1,"186":3,"187":3,"188":1,"190":2,"191":2,"192":2,"193":0,"209":5,"219":4},"path":"/Users/seanfrancis/Documents/Programs/link/hh-fcc/hardhat-nft-marketplace-fcc/contracts/NftMarketplace.sol","s":{"1":7,"2":7,"3":7,"4":7,"5":9,"6":9,"7":9,"8":7,"9":7,"10":7,"11":7,"12":5,"13":5,"14":4,"15":4,"16":1,"17":1,"18":3,"19":3,"20":2,"21":2,"22":5,"23":4},"b":{"1":[0,7],"2":[0,7],"3":[0,9],"4":[7,0],"5":[7,0],"6":[0,7],"7":[0,7],"8":[5,0],"9":[5,0],"10":[1,4],"11":[1,0],"12":[1,0],"13":[1,0],"14":[1,0],"15":[1,2],"16":[0,2]},"f":{"1":7,"2":7,"3":9,"4":7,"5":5,"6":1,"7":1,"8":3,"9":5,"10":4},"fnMap":{"1":{"name":"notListed","line":67,"loc":{"start":{"line":67,"column":4},"end":{"line":74,"column":4}}},"2":{"name":"isListed","line":76,"loc":{"start":{"line":76,"column":4},"end":{"line":82,"column":4}}},"3":{"name":"isOwner","line":84,"loc":{"start":{"line":84,"column":4},"end":{"line":91,"column":4}}},"4":{"name":"listItem","line":112,"loc":{"start":{"line":104,"column":4},"end":{"line":130,"column":4}}},"5":{"name":"buyItem","line":136,"loc":{"start":{"line":132,"column":4},"end":{"line":157,"column":4}}},"6":{"name":"cancelListing","line":162,"loc":{"start":{"line":159,"column":4},"end":{"line":167,"column":4}}},"7":{"name":"updateListing","line":173,"loc":{"start":{"line":170,"column":4},"end":{"line":180,"column":4}}},"8":{"name":"withdrawProceeds","line":182,"loc":{"start":{"line":182,"column":4},"end":{"line":195,"column":4}}},"9":{"name":"getProceeds","line":199,"loc":{"start":{"line":199,"column":4},"end":{"line":210,"column":4}}},"10":{"name":"getListing","line":212,"loc":{"start":{"line":212,"column":4},"end":{"line":220,"column":4}}}},"statementMap":{"1":{"start":{"line":68,"column":8},"end":{"line":68,"column":64}},"2":{"start":{"line":69,"column":8},"end":{"line":69,"column":1855}},"3":{"start":{"line":77,"column":8},"end":{"line":77,"column":64}},"4":{"start":{"line":78,"column":8},"end":{"line":78,"column":2113}},"5":{"start":{"line":85,"column":8},"end":{"line":85,"column":41}},"6":{"start":{"line":86,"column":8},"end":{"line":86,"column":44}},"7":{"start":{"line":87,"column":8},"end":{"line":87,"column":2403}},"8":{"start":{"line":116,"column":8},"end":{"line":116,"column":3336}},"9":{"start":{"line":123,"column":8},"end":{"line":123,"column":41}},"10":{"start":{"line":124,"column":8},"end":{"line":124,"column":3693}},"11":{"start":{"line":129,"column":8},"end":{"line":129,"column":62}},"12":{"start":{"line":140,"column":8},"end":{"line":140,"column":67}},"13":{"start":{"line":141,"column":8},"end":{"line":141,"column":4371}},"14":{"start":{"line":153,"column":8},"end":{"line":153,"column":81}},"15":{"start":{"line":155,"column":8},"end":{"line":155,"column":74}},"16":{"start":{"line":166,"column":8},"end":{"line":166,"column":58}},"17":{"start":{"line":178,"column":8},"end":{"line":178,"column":65}},"18":{"start":{"line":186,"column":8},"end":{"line":186,"column":49}},"19":{"start":{"line":187,"column":8},"end":{"line":187,"column":5864}},"20":{"start":{"line":191,"column":8},"end":{"line":191,"column":71}},"21":{"start":{"line":192,"column":8},"end":{"line":192,"column":6058}},"22":{"start":{"line":209,"column":8},"end":{"line":209,"column":33}},"23":{"start":{"line":219,"column":8},"end":{"line":219,"column":46}}},"branchMap":{"1":{"line":69,"type":"if","locations":[{"start":{"line":69,"column":8},"end":{"line":69,"column":8}},{"start":{"line":69,"column":8},"end":{"line":69,"column":8}}]},"2":{"line":78,"type":"if","locations":[{"start":{"line":78,"column":8},"end":{"line":78,"column":8}},{"start":{"line":78,"column":8},"end":{"line":78,"column":8}}]},"3":{"line":87,"type":"if","locations":[{"start":{"line":87,"column":8},"end":{"line":87,"column":8}},{"start":{"line":87,"column":8},"end":{"line":87,"column":8}}]},"4":{"line":111,"type":"if","locations":[{"start":{"line":111,"column":8},"end":{"line":111,"column":8}},{"start":{"line":111,"column":8},"end":{"line":111,"column":8}}]},"5":{"line":112,"type":"if","locations":[{"start":{"line":112,"column":8},"end":{"line":112,"column":8}},{"start":{"line":112,"column":8},"end":{"line":112,"column":8}}]},"6":{"line":116,"type":"if","locations":[{"start":{"line":116,"column":8},"end":{"line":116,"column":8}},{"start":{"line":116,"column":8},"end":{"line":116,"column":8}}]},"7":{"line":124,"type":"if","locations":[{"start":{"line":124,"column":8},"end":{"line":124,"column":8}},{"start":{"line":124,"column":8},"end":{"line":124,"column":8}}]},"8":{"line":135,"type":"if","locations":[{"start":{"line":135,"column":8},"end":{"line":135,"column":8}},{"start":{"line":135,"column":8},"end":{"line":135,"column":8}}]},"9":{"line":136,"type":"if","locations":[{"start":{"line":136,"column":8},"end":{"line":136,"column":8}},{"start":{"line":136,"column":8},"end":{"line":136,"column":8}}]},"10":{"line":141,"type":"if","locations":[{"start":{"line":141,"column":8},"end":{"line":141,"column":8}},{"start":{"line":141,"column":8},"end":{"line":141,"column":8}}]},"11":{"line":161,"type":"if","locations":[{"start":{"line":161,"column":8},"end":{"line":161,"column":8}},{"start":{"line":161,"column":8},"end":{"line":161,"column":8}}]},"12":{"line":162,"type":"if","locations":[{"start":{"line":162,"column":8},"end":{"line":162,"column":8}},{"start":{"line":162,"column":8},"end":{"line":162,"column":8}}]},"13":{"line":172,"type":"if","locations":[{"start":{"line":172,"column":8},"end":{"line":172,"column":8}},{"start":{"line":172,"column":8},"end":{"line":172,"column":8}}]},"14":{"line":173,"type":"if","locations":[{"start":{"line":173,"column":8},"end":{"line":173,"column":8}},{"start":{"line":173,"column":8},"end":{"line":173,"column":8}}]},"15":{"line":187,"type":"if","locations":[{"start":{"line":187,"column":8},"end":{"line":187,"column":8}},{"start":{"line":187,"column":8},"end":{"line":187,"column":8}}]},"16":{"line":192,"type":"if","locations":[{"start":{"line":192,"column":8},"end":{"line":192,"column":8}},{"start":{"line":192,"column":8},"end":{"line":192,"column":8}}]}}},"contracts/test/BasicNft.sol":{"l":{"11":3,"15":7,"16":7,"17":7,"21":7,"28":0},"path":"/Users/seanfrancis/Documents/Programs/link/hh-fcc/hardhat-nft-marketplace-fcc/contracts/test/BasicNft.sol","s":{"1":7,"2":7,"3":7,"4":0},"b":{},"f":{"1":3,"2":7,"3":7,"4":0},"fnMap":{"1":{"name":"constructor","line":10,"loc":{"start":{"line":10,"column":4},"end":{"line":12,"column":4}}},"2":{"name":"mintNft","line":14,"loc":{"start":{"line":14,"column":4},"end":{"line":18,"column":4}}},"3":{"name":"tokenURI","line":20,"loc":{"start":{"line":20,"column":4},"end":{"line":22,"column":4}}},"4":{"name":"getTokenCounter","line":27,"loc":{"start":{"line":27,"column":4},"end":{"line":29,"column":4}}}},"statementMap":{"1":{"start":{"line":15,"column":8},"end":{"line":15,"column":43}},"2":{"start":{"line":17,"column":8},"end":{"line":17,"column":29}},"3":{"start":{"line":21,"column":8},"end":{"line":21,"column":24}},"4":{"start":{"line":28,"column":8},"end":{"line":28,"column":29}}},"branchMap":{}}}